<?xml version="1.0" encoding="utf-8"?><testsuites name="pytest tests"><testsuite name="pytest" errors="0" failures="0" skipped="0" tests="16" time="7.238" timestamp="2026-06-10T22:55:19.827068+00:00" hostname="agent-env-7d4ad65e-9997-4c30-9521-a0a5721a9c7e"><testcase classname="backend.tests.test_resource_notes.TestHealth" name="test_health_endpoint" time="0.258" /><testcase classname="backend.tests.test_resource_notes.TestResourceNotes" name="test_empty_notes_for_new_resource" time="0.607" /><testcase classname="backend.tests.test_resource_notes.TestResourceNotes" name="test_notes_404_for_missing_resource" time="0.122" /><testcase classname="backend.tests.test_resource_notes.TestResourceNotes" name="test_notes_cross_user_isolation" time="0.399" /><testcase classname="backend.tests.test_resource_notes.TestResourceNotes" name="test_save_content_preserves_important_pages" time="0.699" /><testcase classname="backend.tests.test_resource_notes.TestResourceNotes" name="test_legacy_int_list_coerces" time="0.382" /><testcase classname="backend.tests.test_resource_notes.TestResourceNotes" name="test_labelled_object_list_persists" time="0.589" /><testcase classname="backend.tests.test_resource_notes.TestTogglePage" name="test_toggle_add_then_remove" time="0.738" /><testcase classname="backend.tests.test_resource_notes.TestTogglePage" name="test_toggle_bad_page_zero" time="0.469" /><testcase classname="backend.tests.test_resource_notes.TestTogglePage" name="test_toggle_bad_page_negative" time="0.372" /><testcase classname="backend.tests.test_resource_notes.TestPageLabel" name="test_update_label_in_place" time="0.694" /><testcase classname="backend.tests.test_resource_notes.TestPageLabel" name="test_label_on_non_flagged_page" time="0.384" /><testcase classname="backend.tests.test_resource_notes.TestDeleteCascade" name="test_delete_resource_cascades_notes" time="0.511" /><testcase classname="backend.tests.test_resource_notes.TestPhaseARegression" name="test_dashboard" time="0.182" /><testcase classname="backend.tests.test_resource_notes.TestPhaseARegression" name="test_questions_list_filters" time="0.130" /><testcase classname="backend.tests.test_resource_notes.TestPhaseARegression" name="test_create_question_and_flag" time="0.519" /></testsuite></testsuites>