<?xml version="1.0" encoding="utf-8"?><testsuites name="pytest tests"><testsuite name="pytest" errors="0" failures="0" skipped="0" tests="23" time="5.467" timestamp="2026-06-09T21:08:19.934062+00:00" hostname="agent-env-e84b83dd-80bf-457b-9efa-1f5374dbf91c"><testcase classname="backend.tests.test_gate_os_backend.TestPublic" name="test_root" time="0.395" /><testcase classname="backend.tests.test_gate_os_backend.TestPublic" name="test_subjects_list" time="0.131" /><testcase classname="backend.tests.test_gate_os_backend.TestPublic" name="test_topics_for_subject" time="0.338" /><testcase classname="backend.tests.test_gate_os_backend.TestAuthGating" name="test_questions_requires_auth" time="0.185" /><testcase classname="backend.tests.test_gate_os_backend.TestAuthGating" name="test_dashboard_requires_auth" time="0.127" /><testcase classname="backend.tests.test_gate_os_backend.TestAuthGating" name="test_auth_me_with_token" time="0.133" /><testcase classname="backend.tests.test_gate_os_backend.TestDashboardAndQuestions" name="test_dashboard_summary" time="0.166" /><testcase classname="backend.tests.test_gate_os_backend.TestDashboardAndQuestions" name="test_questions_list_with_progress" time="0.183" /><testcase classname="backend.tests.test_gate_os_backend.TestAttempts" name="test_mcq_correct" time="0.197" /><testcase classname="backend.tests.test_gate_os_backend.TestAttempts" name="test_mcq_wrong" time="0.111" /><testcase classname="backend.tests.test_gate_os_backend.TestAttempts" name="test_msq_exact_match" time="0.139" /><testcase classname="backend.tests.test_gate_os_backend.TestAttempts" name="test_msq_partial_wrong" time="0.195" /><testcase classname="backend.tests.test_gate_os_backend.TestAttempts" name="test_nat_correct" time="0.112" /><testcase classname="backend.tests.test_gate_os_backend.TestNotes" name="test_save_and_get_note" time="0.265" /><testcase classname="backend.tests.test_gate_os_backend.TestMistakes" name="test_create_list_delete_mistake" time="0.415" /><testcase classname="backend.tests.test_gate_os_backend.TestPYQs" name="test_pyq_attempt" time="0.282" /><testcase classname="backend.tests.test_gate_os_backend.TestResources" name="test_create_list_delete_resource" time="0.461" /><testcase classname="backend.tests.test_gate_os_backend.TestAnalytics" name="test_subject_analytics" time="0.144" /><testcase classname="backend.tests.test_gate_os_backend.TestAnalytics" name="test_topic_analytics" time="0.428" /><testcase classname="backend.tests.test_gate_os_backend.TestPlaylists" name="test_empty_playlists" time="0.125" /><testcase classname="backend.tests.test_gate_os_backend.TestPlaylists" name="test_invalid_playlist_url" time="0.133" /><testcase classname="backend.tests.test_gate_os_backend.TestAdmin" name="test_admin_create_question" time="0.426" /><testcase classname="backend.tests.test_gate_os_backend.TestAdmin" name="test_admin_rejects_non_admin" time="0.283" /></testsuite></testsuites>